<?xml version="1.0" encoding="UTF-8"?>
<!-- Generated by org.testng.reporters.JUnitReportReporter -->
<testsuite hostname="LAPTOP-T6FV17P0" failures="0" tests="1" name="LUMA.Luma.Login" time="3.803" errors="0" timestamp="2023-07-31T18:11:03 IST" skipped="0">
  <testcase classname="LUMA.Luma.Login" name="login" time="3.803"/>
</testsuite> <!-- LUMA.Luma.Login -->
