<?xml version="1.0" encoding="UTF-8"?>
<!-- Generated by org.testng.reporters.JUnitReportReporter -->
<testsuite hostname="LAPTOP-T6FV17P0" failures="0" tests="1" name="LUMA.Luma.Register" time="5.365" errors="0" timestamp="2023-07-31T18:10:28 IST" skipped="0">
  <testcase classname="LUMA.Luma.Register" name="regiter" time="5.365"/>
</testsuite> <!-- LUMA.Luma.Register -->
