<?xml version="1.0" encoding="UTF-8"?>
<!-- Generated by org.testng.reporters.JUnitReportReporter -->
<testsuite hostname="LAPTOP-T6FV17P0" failures="0" tests="4" name="LUMA.Luma.Shopping" time="37.405" errors="0" timestamp="2023-07-31T18:12:06 IST" skipped="0">
  <testcase classname="LUMA.Luma.Shopping" name="login" time="3.559"/>
  <testcase classname="LUMA.Luma.Shopping" name="selection" time="12.706"/>
  <testcase classname="LUMA.Luma.Shopping" name="cart" time="11.767"/>
  <testcase classname="LUMA.Luma.Shopping" name="payment" time="9.373"/>
</testsuite> <!-- LUMA.Luma.Shopping -->
